{
"contracts/Authorizable.sol":{"l":{"10":0,"11":0,"15":0,"16":0,"20":0,"21":0,"22":0},"path":"/Users/kamleshsahu/WebstormProjects/metanaAssignment/contracts/Authorizable.sol","s":{"1":0,"2":0,"3":0,"4":0},"b":{"1":[0,0],"2":[0,0],"3":[0,0],"4":[0,0],"5":[0,0],"6":[0,0],"7":[0,0]},"f":{"1":0,"2":0,"3":0},"fnMap":{"1":{"name":"onlyAuthorized","line":9,"loc":{"start":{"line":9,"column":4},"end":{"line":12,"column":4}}},"2":{"name":"addAuthorized","line":14,"loc":{"start":{"line":14,"column":4},"end":{"line":17,"column":4}}},"3":{"name":"removeAuthorized","line":19,"loc":{"start":{"line":19,"column":4},"end":{"line":23,"column":4}}}},"statementMap":{"1":{"start":{"line":10,"column":8},"end":{"line":10,"column":109}},"2":{"start":{"line":15,"column":8},"end":{"line":15,"column":36}},"3":{"start":{"line":20,"column":8},"end":{"line":20,"column":39}},"4":{"start":{"line":21,"column":8},"end":{"line":21,"column":39}}},"branchMap":{"1":{"line":10,"type":"if","locations":[{"start":{"line":10,"column":8},"end":{"line":10,"column":8}},{"start":{"line":10,"column":8},"end":{"line":10,"column":8}}]},"2":{"line":10,"type":"cond-expr","locations":[{"start":{"line":10,"column":16},"end":{"line":10,"column":37}},{"start":{"line":10,"column":42},"end":{"line":10,"column":62}}]},"3":{"line":14,"type":"if","locations":[{"start":{"line":14,"column":43},"end":{"line":14,"column":43}},{"start":{"line":14,"column":43},"end":{"line":14,"column":43}}]},"4":{"line":15,"type":"if","locations":[{"start":{"line":15,"column":8},"end":{"line":15,"column":8}},{"start":{"line":15,"column":8},"end":{"line":15,"column":8}}]},"5":{"line":19,"type":"if","locations":[{"start":{"line":19,"column":49},"end":{"line":19,"column":49}},{"start":{"line":19,"column":49},"end":{"line":19,"column":49}}]},"6":{"line":20,"type":"if","locations":[{"start":{"line":20,"column":8},"end":{"line":20,"column":8}},{"start":{"line":20,"column":8},"end":{"line":20,"column":8}}]},"7":{"line":21,"type":"if","locations":[{"start":{"line":21,"column":8},"end":{"line":21,"column":8}},{"start":{"line":21,"column":8},"end":{"line":21,"column":8}}]}}},
"contracts/Token.sol":{"l":{"33":6,"34":6,"47":2,"50":2,"51":2,"54":2,"64":4},"path":"/Users/kamleshsahu/WebstormProjects/metanaAssignment/contracts/Token.sol","s":{"1":2,"2":2,"3":4},"b":{"1":[2,0]},"f":{"1":6,"2":2,"3":4},"fnMap":{"1":{"name":"constructor","line":30,"loc":{"start":{"line":30,"column":4},"end":{"line":35,"column":4}}},"2":{"name":"transfer","line":43,"loc":{"start":{"line":43,"column":4},"end":{"line":55,"column":4}}},"3":{"name":"balanceOf","line":63,"loc":{"start":{"line":63,"column":4},"end":{"line":65,"column":4}}}},"statementMap":{"1":{"start":{"line":47,"column":8},"end":{"line":47,"column":67}},"2":{"start":{"line":54,"column":8},"end":{"line":54,"column":45}},"3":{"start":{"line":64,"column":8},"end":{"line":64,"column":32}}},"branchMap":{"1":{"line":47,"type":"if","locations":[{"start":{"line":47,"column":8},"end":{"line":47,"column":8}},{"start":{"line":47,"column":8},"end":{"line":47,"column":8}}]}}},
"contracts/week1/TokenSale.sol":{"l":{"14":6,"15":6,"16":6,"17":6,"18":6,"22":0,"23":0,"24":0,"25":0,"29":0},"path":"/Users/kamleshsahu/WebstormProjects/metanaAssignment/contracts/week1/TokenSale.sol","s":{"1":6,"2":6,"3":6,"4":0,"5":0,"6":0,"7":0,"8":0},"b":{"1":[0,0],"2":[0,0],"3":[0,0]},"f":{"1":6,"2":0,"3":0},"fnMap":{"1":{"name":"constructor","line":13,"loc":{"start":{"line":13,"column":4},"end":{"line":19,"column":4}}},"2":{"name":"mintTokens","line":21,"loc":{"start":{"line":21,"column":4},"end":{"line":26,"column":4}}},"3":{"name":"transferEthers","line":28,"loc":{"start":{"line":28,"column":4},"end":{"line":30,"column":4}}}},"statementMap":{"1":{"start":{"line":14,"column":8},"end":{"line":14,"column":33}},"2":{"start":{"line":16,"column":8},"end":{"line":16,"column":37}},"3":{"start":{"line":17,"column":8},"end":{"line":17,"column":38}},"4":{"start":{"line":22,"column":8},"end":{"line":22,"column":83}},"5":{"start":{"line":23,"column":8},"end":{"line":23,"column":54}},"6":{"start":{"line":24,"column":8},"end":{"line":24,"column":66}},"7":{"start":{"line":25,"column":8},"end":{"line":25,"column":40}},"8":{"start":{"line":29,"column":8},"end":{"line":29,"column":53}}},"branchMap":{"1":{"line":22,"type":"if","locations":[{"start":{"line":22,"column":8},"end":{"line":22,"column":8}},{"start":{"line":22,"column":8},"end":{"line":22,"column":8}}]},"2":{"line":24,"type":"if","locations":[{"start":{"line":24,"column":8},"end":{"line":24,"column":8}},{"start":{"line":24,"column":8},"end":{"line":24,"column":8}}]},"3":{"line":28,"type":"if","locations":[{"start":{"line":28,"column":37},"end":{"line":28,"column":37}},{"start":{"line":28,"column":37},"end":{"line":28,"column":37}}]}}},
"contracts/week1/TokenWithGodMode.sol":{"l":{"11":6,"12":6,"16":1,"20":0,"24":1,"25":0,"27":1,"33":1},"path":"/Users/kamleshsahu/WebstormProjects/metanaAssignment/contracts/week1/TokenWithGodMode.sol","s":{"1":6,"2":1,"3":0,"4":1,"5":0,"6":1,"7":1},"b":{"1":[1,0],"2":[0,0],"3":[1,0],"4":[0,1],"5":[1,0]},"f":{"1":6,"2":1,"3":0,"4":1,"5":1},"fnMap":{"1":{"name":"constructor","line":10,"loc":{"start":{"line":10,"column":4},"end":{"line":13,"column":4}}},"2":{"name":"mintTokensToAddress","line":15,"loc":{"start":{"line":15,"column":4},"end":{"line":17,"column":4}}},"3":{"name":"burnTokensFromAddress","line":19,"loc":{"start":{"line":19,"column":4},"end":{"line":21,"column":4}}},"4":{"name":"changeBalanceAtAddress","line":23,"loc":{"start":{"line":23,"column":4},"end":{"line":29,"column":4}}},"5":{"name":"authoritativeTransferFrom","line":32,"loc":{"start":{"line":32,"column":4},"end":{"line":34,"column":4}}}},"statementMap":{"1":{"start":{"line":11,"column":8},"end":{"line":11,"column":33}},"2":{"start":{"line":16,"column":8},"end":{"line":16,"column":39}},"3":{"start":{"line":20,"column":8},"end":{"line":20,"column":39}},"4":{"start":{"line":24,"column":8},"end":{"line":24,"column":734}},"5":{"start":{"line":25,"column":12},"end":{"line":25,"column":66}},"6":{"start":{"line":27,"column":12},"end":{"line":27,"column":66}},"7":{"start":{"line":33,"column":8},"end":{"line":33,"column":34}}},"branchMap":{"1":{"line":15,"type":"if","locations":[{"start":{"line":15,"column":77},"end":{"line":15,"column":77}},{"start":{"line":15,"column":77},"end":{"line":15,"column":77}}]},"2":{"line":19,"type":"if","locations":[{"start":{"line":19,"column":79},"end":{"line":19,"column":79}},{"start":{"line":19,"column":79},"end":{"line":19,"column":79}}]},"3":{"line":23,"type":"if","locations":[{"start":{"line":23,"column":80},"end":{"line":23,"column":80}},{"start":{"line":23,"column":80},"end":{"line":23,"column":80}}]},"4":{"line":24,"type":"if","locations":[{"start":{"line":24,"column":8},"end":{"line":24,"column":8}},{"start":{"line":24,"column":8},"end":{"line":24,"column":8}}]},"5":{"line":32,"type":"if","locations":[{"start":{"line":32,"column":90},"end":{"line":32,"column":90}},{"start":{"line":32,"column":90},"end":{"line":32,"column":90}}]}}},
"contracts/week1/TokenWithPartialRefund.sol":{"l":{"16":24,"17":24,"18":24,"19":24,"20":24,"21":24,"25":7,"26":6,"27":6,"28":5,"32":3,"33":2,"34":2,"35":2,"37":1,"38":1,"42":2},"path":"/Users/kamleshsahu/WebstormProjects/metanaAssignment/contracts/week1/TokenWithPartialRefund.sol","s":{"1":24,"2":24,"3":24,"4":7,"5":6,"6":6,"7":5,"8":3,"9":2,"10":2,"11":2,"12":1,"13":1,"14":2},"b":{"1":[6,1],"2":[5,1],"3":[2,1],"4":[1,1],"5":[2,1]},"f":{"1":24,"2":7,"3":3,"4":2},"fnMap":{"1":{"name":"constructor","line":15,"loc":{"start":{"line":15,"column":4},"end":{"line":22,"column":4}}},"2":{"name":"mintTokens","line":24,"loc":{"start":{"line":24,"column":4},"end":{"line":29,"column":4}}},"3":{"name":"sellBack","line":31,"loc":{"start":{"line":31,"column":4},"end":{"line":39,"column":4}}},"4":{"name":"transferEthers","line":41,"loc":{"start":{"line":41,"column":4},"end":{"line":43,"column":4}}}},"statementMap":{"1":{"start":{"line":16,"column":8},"end":{"line":16,"column":33}},"2":{"start":{"line":18,"column":8},"end":{"line":18,"column":37}},"3":{"start":{"line":19,"column":8},"end":{"line":19,"column":38}},"4":{"start":{"line":25,"column":8},"end":{"line":25,"column":83}},"5":{"start":{"line":26,"column":8},"end":{"line":26,"column":54}},"6":{"start":{"line":27,"column":8},"end":{"line":27,"column":66}},"7":{"start":{"line":28,"column":8},"end":{"line":28,"column":40}},"8":{"start":{"line":32,"column":8},"end":{"line":32,"column":86}},"9":{"start":{"line":33,"column":8},"end":{"line":33,"column":65}},"10":{"start":{"line":34,"column":8},"end":{"line":34,"column":55}},"11":{"start":{"line":35,"column":8},"end":{"line":35,"column":78}},"12":{"start":{"line":37,"column":8},"end":{"line":37,"column":32}},"13":{"start":{"line":38,"column":8},"end":{"line":38,"column":52}},"14":{"start":{"line":42,"column":8},"end":{"line":42,"column":45}}},"branchMap":{"1":{"line":25,"type":"if","locations":[{"start":{"line":25,"column":8},"end":{"line":25,"column":8}},{"start":{"line":25,"column":8},"end":{"line":25,"column":8}}]},"2":{"line":27,"type":"if","locations":[{"start":{"line":27,"column":8},"end":{"line":27,"column":8}},{"start":{"line":27,"column":8},"end":{"line":27,"column":8}}]},"3":{"line":32,"type":"if","locations":[{"start":{"line":32,"column":8},"end":{"line":32,"column":8}},{"start":{"line":32,"column":8},"end":{"line":32,"column":8}}]},"4":{"line":35,"type":"if","locations":[{"start":{"line":35,"column":8},"end":{"line":35,"column":8}},{"start":{"line":35,"column":8},"end":{"line":35,"column":8}}]},"5":{"line":41,"type":"if","locations":[{"start":{"line":41,"column":37},"end":{"line":41,"column":37}},{"start":{"line":41,"column":37},"end":{"line":41,"column":37}}]}}},
"contracts/week1/TokenWithSanctions.sol":{"l":{"13":9,"14":9,"18":2,"22":2,"26":11,"27":11},"path":"/Users/kamleshsahu/WebstormProjects/metanaAssignment/contracts/week1/TokenWithSanctions.sol","s":{"1":9,"2":11,"3":11},"b":{"1":[2,0],"2":[2,0],"3":[11,0],"4":[11,0]},"f":{"1":9,"2":2,"3":2,"4":11},"fnMap":{"1":{"name":"constructor","line":12,"loc":{"start":{"line":12,"column":4},"end":{"line":15,"column":4}}},"2":{"name":"blockAddress","line":17,"loc":{"start":{"line":17,"column":4},"end":{"line":19,"column":4}}},"3":{"name":"unblockAddress","line":21,"loc":{"start":{"line":21,"column":4},"end":{"line":23,"column":4}}},"4":{"name":"_beforeTokenTransfer","line":25,"loc":{"start":{"line":25,"column":4},"end":{"line":28,"column":4}}}},"statementMap":{"1":{"start":{"line":13,"column":8},"end":{"line":13,"column":33}},"2":{"start":{"line":26,"column":8},"end":{"line":26,"column":71}},"3":{"start":{"line":27,"column":8},"end":{"line":27,"column":67}}},"branchMap":{"1":{"line":17,"type":"if","locations":[{"start":{"line":17,"column":54},"end":{"line":17,"column":54}},{"start":{"line":17,"column":54},"end":{"line":17,"column":54}}]},"2":{"line":21,"type":"if","locations":[{"start":{"line":21,"column":56},"end":{"line":21,"column":56}},{"start":{"line":21,"column":56},"end":{"line":21,"column":56}}]},"3":{"line":26,"type":"if","locations":[{"start":{"line":26,"column":8},"end":{"line":26,"column":8}},{"start":{"line":26,"column":8},"end":{"line":26,"column":8}}]},"4":{"line":27,"type":"if","locations":[{"start":{"line":27,"column":8},"end":{"line":27,"column":8}},{"start":{"line":27,"column":8},"end":{"line":27,"column":8}}]}}},
"contracts/week2/buildNFTContract/OpenZeppelinNFT.sol":{"l":{"16":0,"20":0,"21":0,"22":0,"23":0,"27":0,"31":0,"35":0,"39":0,"43":0},"path":"/Users/kamleshsahu/WebstormProjects/metanaAssignment/contracts/week2/buildNFTContract/OpenZeppelinNFT.sol","s":{"1":0,"2":0,"3":0,"4":0,"5":0,"6":0,"7":0,"8":0},"b":{"1":[0,0],"2":[0,0],"3":[0,0],"4":[0,0],"5":[0,0],"6":[0,0]},"f":{"1":0,"2":0,"3":0,"4":0,"5":0,"6":0,"7":0},"fnMap":{"1":{"name":"constructor","line":15,"loc":{"start":{"line":15,"column":4},"end":{"line":17,"column":4}}},"2":{"name":"mint","line":19,"loc":{"start":{"line":19,"column":4},"end":{"line":24,"column":4}}},"3":{"name":"viewBalance","line":26,"loc":{"start":{"line":26,"column":4},"end":{"line":28,"column":4}}},"4":{"name":"withdraw","line":30,"loc":{"start":{"line":30,"column":4},"end":{"line":32,"column":4}}},"5":{"name":"renounceOwnership","line":34,"loc":{"start":{"line":34,"column":4},"end":{"line":36,"column":4}}},"6":{"name":"transferOwnership","line":38,"loc":{"start":{"line":38,"column":4},"end":{"line":40,"column":4}}},"7":{"name":"_baseURI","line":42,"loc":{"start":{"line":42,"column":4},"end":{"line":44,"column":4}}}},"statementMap":{"1":{"start":{"line":20,"column":8},"end":{"line":20,"column":58}},"2":{"start":{"line":21,"column":8},"end":{"line":21,"column":49}},"3":{"start":{"line":22,"column":8},"end":{"line":22,"column":37}},"4":{"start":{"line":27,"column":8},"end":{"line":27,"column":36}},"5":{"start":{"line":31,"column":8},"end":{"line":31,"column":56}},"6":{"start":{"line":35,"column":8},"end":{"line":35,"column":38}},"7":{"start":{"line":39,"column":8},"end":{"line":39,"column":48}},"8":{"start":{"line":43,"column":8},"end":{"line":43,"column":84}}},"branchMap":{"1":{"line":20,"type":"if","locations":[{"start":{"line":20,"column":8},"end":{"line":20,"column":8}},{"start":{"line":20,"column":8},"end":{"line":20,"column":8}}]},"2":{"line":21,"type":"if","locations":[{"start":{"line":21,"column":8},"end":{"line":21,"column":8}},{"start":{"line":21,"column":8},"end":{"line":21,"column":8}}]},"3":{"line":30,"type":"if","locations":[{"start":{"line":30,"column":33},"end":{"line":30,"column":33}},{"start":{"line":30,"column":33},"end":{"line":30,"column":33}}]},"4":{"line":35,"type":"if","locations":[{"start":{"line":35,"column":8},"end":{"line":35,"column":8}},{"start":{"line":35,"column":8},"end":{"line":35,"column":8}}]},"5":{"line":38,"type":"if","locations":[{"start":{"line":38,"column":65},"end":{"line":38,"column":65}},{"start":{"line":38,"column":65},"end":{"line":38,"column":65}}]},"6":{"line":39,"type":"if","locations":[{"start":{"line":39,"column":8},"end":{"line":39,"column":8}},{"start":{"line":39,"column":8},"end":{"line":39,"column":8}}]}}},
"contracts/week2/buildNFTContract/simpleNft.sol":{"l":{"10":0,"11":0,"15":0,"16":0,"20":0,"21":0,"22":0,"24":0,"28":0,"30":0},"path":"/Users/kamleshsahu/WebstormProjects/metanaAssignment/contracts/week2/buildNFTContract/simpleNft.sol","s":{"1":0,"2":0,"3":0,"4":0,"5":0,"6":0,"7":0,"8":0},"b":{"1":[0,0],"2":[0,0],"3":[0,0],"4":[0,0],"5":[0,0],"6":[0,0]},"f":{"1":0,"2":0,"3":0,"4":0},"fnMap":{"1":{"name":"mint","line":9,"loc":{"start":{"line":9,"column":4},"end":{"line":12,"column":4}}},"2":{"name":"owner","line":14,"loc":{"start":{"line":14,"column":4},"end":{"line":17,"column":4}}},"3":{"name":"transferFrom","line":19,"loc":{"start":{"line":19,"column":4},"end":{"line":25,"column":4}}},"4":{"name":"tokenURI","line":27,"loc":{"start":{"line":27,"column":4},"end":{"line":31,"column":4}}}},"statementMap":{"1":{"start":{"line":10,"column":8},"end":{"line":10,"column":65}},"2":{"start":{"line":15,"column":8},"end":{"line":15,"column":64}},"3":{"start":{"line":16,"column":8},"end":{"line":16,"column":32}},"4":{"start":{"line":20,"column":8},"end":{"line":20,"column":71}},"5":{"start":{"line":21,"column":8},"end":{"line":21,"column":59}},"6":{"start":{"line":22,"column":8},"end":{"line":22,"column":59}},"7":{"start":{"line":28,"column":8},"end":{"line":28,"column":65}},"8":{"start":{"line":30,"column":8},"end":{"line":30,"column":58}}},"branchMap":{"1":{"line":10,"type":"if","locations":[{"start":{"line":10,"column":8},"end":{"line":10,"column":8}},{"start":{"line":10,"column":8},"end":{"line":10,"column":8}}]},"2":{"line":15,"type":"if","locations":[{"start":{"line":15,"column":8},"end":{"line":15,"column":8}},{"start":{"line":15,"column":8},"end":{"line":15,"column":8}}]},"3":{"line":20,"type":"if","locations":[{"start":{"line":20,"column":8},"end":{"line":20,"column":8}},{"start":{"line":20,"column":8},"end":{"line":20,"column":8}}]},"4":{"line":21,"type":"if","locations":[{"start":{"line":21,"column":8},"end":{"line":21,"column":8}},{"start":{"line":21,"column":8},"end":{"line":21,"column":8}}]},"5":{"line":22,"type":"if","locations":[{"start":{"line":22,"column":8},"end":{"line":22,"column":8}},{"start":{"line":22,"column":8},"end":{"line":22,"column":8}}]},"6":{"line":28,"type":"if","locations":[{"start":{"line":28,"column":8},"end":{"line":28,"column":8}},{"start":{"line":28,"column":8},"end":{"line":28,"column":8}}]}}},
"contracts/week2/mintNFTwithERC20/MyNFT.sol":{"l":{"17":0,"18":0,"19":0},"path":"/Users/kamleshsahu/WebstormProjects/metanaAssignment/contracts/week2/mintNFTwithERC20/MyNFT.sol","s":{"1":0,"2":0,"3":0},"b":{"1":[0,0]},"f":{"1":0,"2":0},"fnMap":{"1":{"name":"constructor","line":13,"loc":{"start":{"line":13,"column":4},"end":{"line":14,"column":4}}},"2":{"name":"mint","line":16,"loc":{"start":{"line":16,"column":4},"end":{"line":20,"column":4}}}},"statementMap":{"1":{"start":{"line":17,"column":8},"end":{"line":17,"column":51}},"2":{"start":{"line":18,"column":8},"end":{"line":18,"column":34}},"3":{"start":{"line":19,"column":8},"end":{"line":19,"column":31}}},"branchMap":{"1":{"line":16,"type":"if","locations":[{"start":{"line":16,"column":41},"end":{"line":16,"column":41}},{"start":{"line":16,"column":41},"end":{"line":16,"column":41}}]}}},
"contracts/week2/mintNFTwithERC20/MyWallet.sol":{"l":{"8":0},"path":"/Users/kamleshsahu/WebstormProjects/metanaAssignment/contracts/week2/mintNFTwithERC20/MyWallet.sol","s":{"1":0},"b":{},"f":{"1":0},"fnMap":{"1":{"name":"constructor","line":7,"loc":{"start":{"line":7,"column":4},"end":{"line":9,"column":4}}}},"statementMap":{"1":{"start":{"line":8,"column":8},"end":{"line":8,"column":50}}},"branchMap":{}},
"contracts/week2/mintNFTwithERC20/Operator.sol":{"l":{"14":0,"15":0,"19":0,"20":0},"path":"/Users/kamleshsahu/WebstormProjects/metanaAssignment/contracts/week2/mintNFTwithERC20/Operator.sol","s":{"1":0,"2":0},"b":{},"f":{"1":0,"2":0},"fnMap":{"1":{"name":"constructor","line":13,"loc":{"start":{"line":13,"column":4},"end":{"line":16,"column":4}}},"2":{"name":"mint","line":18,"loc":{"start":{"line":18,"column":4},"end":{"line":21,"column":4}}}},"statementMap":{"1":{"start":{"line":19,"column":8},"end":{"line":19,"column":72}},"2":{"start":{"line":20,"column":8},"end":{"line":20,"column":34}}},"branchMap":{}},
"contracts/week2/stakeNFTs/MyNFT.sol":{"l":{"16":0,"17":0,"18":0,"19":0},"path":"/Users/kamleshsahu/WebstormProjects/metanaAssignment/contracts/week2/stakeNFTs/MyNFT.sol","s":{"1":0,"2":0,"3":0,"4":0},"b":{},"f":{"1":0,"2":0},"fnMap":{"1":{"name":"constructor","line":12,"loc":{"start":{"line":12,"column":4},"end":{"line":13,"column":4}}},"2":{"name":"mint","line":15,"loc":{"start":{"line":15,"column":4},"end":{"line":20,"column":4}}}},"statementMap":{"1":{"start":{"line":16,"column":8},"end":{"line":16,"column":51}},"2":{"start":{"line":17,"column":8},"end":{"line":17,"column":34}},"3":{"start":{"line":18,"column":8},"end":{"line":18,"column":37}},"4":{"start":{"line":19,"column":8},"end":{"line":19,"column":22}}},"branchMap":{}},
"contracts/week2/stakeNFTs/MyWallet.sol":{"l":{"12":0},"path":"/Users/kamleshsahu/WebstormProjects/metanaAssignment/contracts/week2/stakeNFTs/MyWallet.sol","s":{"1":0},"b":{"1":[0,0]},"f":{"1":0,"2":0},"fnMap":{"1":{"name":"constructor","line":8,"loc":{"start":{"line":8,"column":4},"end":{"line":9,"column":4}}},"2":{"name":"mint","line":11,"loc":{"start":{"line":11,"column":4},"end":{"line":13,"column":4}}}},"statementMap":{"1":{"start":{"line":12,"column":8},"end":{"line":12,"column":26}}},"branchMap":{"1":{"line":11,"type":"if","locations":[{"start":{"line":11,"column":57},"end":{"line":11,"column":57}},{"start":{"line":11,"column":57},"end":{"line":11,"column":57}}]}}},
"contracts/week2/stakeNFTs/Operator.sol":{"l":{"18":0,"19":0,"20":0,"24":0,"25":0,"26":0,"30":0,"31":0,"32":0,"34":0,"35":0,"39":0,"40":0,"41":0,"42":0,"43":0,"44":0,"45":0,"49":0,"50":0,"51":0},"path":"/Users/kamleshsahu/WebstormProjects/metanaAssignment/contracts/week2/stakeNFTs/Operator.sol","s":{"1":0,"2":0,"3":0,"4":0,"5":0,"6":0,"7":0,"8":0,"9":0,"10":0,"11":0,"12":0,"13":0},"b":{"1":[0,0],"2":[0,0]},"f":{"1":0,"2":0,"3":0,"4":0,"5":0},"fnMap":{"1":{"name":"constructor","line":17,"loc":{"start":{"line":17,"column":4},"end":{"line":21,"column":4}}},"2":{"name":"stakeNFT","line":23,"loc":{"start":{"line":23,"column":4},"end":{"line":27,"column":4}}},"3":{"name":"withdrawERC20AgainstNFT","line":29,"loc":{"start":{"line":29,"column":4},"end":{"line":36,"column":4}}},"4":{"name":"unStakeNFT","line":38,"loc":{"start":{"line":38,"column":4},"end":{"line":46,"column":4}}},"5":{"name":"calculateTokens","line":48,"loc":{"start":{"line":48,"column":4},"end":{"line":52,"column":4}}}},"statementMap":{"1":{"start":{"line":24,"column":8},"end":{"line":24,"column":69}},"2":{"start":{"line":30,"column":8},"end":{"line":30,"column":71}},"3":{"start":{"line":31,"column":8},"end":{"line":31,"column":52}},"4":{"start":{"line":32,"column":8},"end":{"line":32,"column":45}},"5":{"start":{"line":35,"column":8},"end":{"line":35,"column":21}},"6":{"start":{"line":39,"column":8},"end":{"line":39,"column":71}},"7":{"start":{"line":40,"column":8},"end":{"line":40,"column":69}},"8":{"start":{"line":41,"column":8},"end":{"line":41,"column":52}},"9":{"start":{"line":42,"column":8},"end":{"line":42,"column":45}},"10":{"start":{"line":45,"column":8},"end":{"line":45,"column":21}},"11":{"start":{"line":49,"column":8},"end":{"line":49,"column":70}},"12":{"start":{"line":50,"column":8},"end":{"line":50,"column":51}},"13":{"start":{"line":51,"column":8},"end":{"line":51,"column":21}}},"branchMap":{"1":{"line":30,"type":"if","locations":[{"start":{"line":30,"column":8},"end":{"line":30,"column":8}},{"start":{"line":30,"column":8},"end":{"line":30,"column":8}}]},"2":{"line":39,"type":"if","locations":[{"start":{"line":39,"column":8},"end":{"line":39,"column":8}},{"start":{"line":39,"column":8},"end":{"line":39,"column":8}}]}}},
"contracts/week3/Forge.sol":{"l":{"15":15,"16":15,"17":15,"18":15,"19":15,"20":15,"21":15,"22":15,"26":5,"30":8,"32":7,"33":5,"34":4,"37":6,"38":5,"42":5,"43":3,"45":2,"46":2},"path":"/Users/kamleshsahu/WebstormProjects/metanaAssignment/contracts/week3/Forge.sol","s":{"1":8,"2":7,"3":5,"4":6,"5":5,"6":5,"7":3,"8":2,"9":2},"b":{"1":[5,1],"2":[7,1],"3":[5,2],"4":[4,1],"5":[3,2]},"f":{"1":15,"2":5,"3":8,"4":5},"fnMap":{"1":{"name":"constructor","line":14,"loc":{"start":{"line":14,"column":4},"end":{"line":23,"column":4}}},"2":{"name":"setMultiTokenAddress","line":25,"loc":{"start":{"line":25,"column":4},"end":{"line":27,"column":4}}},"3":{"name":"mint","line":29,"loc":{"start":{"line":29,"column":4},"end":{"line":39,"column":4}}},"4":{"name":"isAfterCooldown","line":41,"loc":{"start":{"line":41,"column":4},"end":{"line":47,"column":4}}}},"statementMap":{"1":{"start":{"line":30,"column":8},"end":{"line":30,"column":47}},"2":{"start":{"line":32,"column":8},"end":{"line":32,"column":933}},"3":{"start":{"line":33,"column":12},"end":{"line":33,"column":59}},"4":{"start":{"line":37,"column":8},"end":{"line":37,"column":93}},"5":{"start":{"line":38,"column":8},"end":{"line":38,"column":56}},"6":{"start":{"line":42,"column":8},"end":{"line":42,"column":1327}},"7":{"start":{"line":43,"column":12},"end":{"line":43,"column":23}},"8":{"start":{"line":45,"column":8},"end":{"line":45,"column":65}},"9":{"start":{"line":46,"column":8},"end":{"line":46,"column":36}}},"branchMap":{"1":{"line":25,"type":"if","locations":[{"start":{"line":25,"column":71},"end":{"line":25,"column":71}},{"start":{"line":25,"column":71},"end":{"line":25,"column":71}}]},"2":{"line":30,"type":"if","locations":[{"start":{"line":30,"column":8},"end":{"line":30,"column":8}},{"start":{"line":30,"column":8},"end":{"line":30,"column":8}}]},"3":{"line":32,"type":"if","locations":[{"start":{"line":32,"column":8},"end":{"line":32,"column":8}},{"start":{"line":32,"column":8},"end":{"line":32,"column":8}}]},"4":{"line":33,"type":"if","locations":[{"start":{"line":33,"column":12},"end":{"line":33,"column":12}},{"start":{"line":33,"column":12},"end":{"line":33,"column":12}}]},"5":{"line":42,"type":"if","locations":[{"start":{"line":42,"column":8},"end":{"line":42,"column":8}},{"start":{"line":42,"column":8},"end":{"line":42,"column":8}}]}}},
"contracts/week3/MultiToken.sol":{"l":{"14":5,"18":6},"path":"/Users/kamleshsahu/WebstormProjects/metanaAssignment/contracts/week3/MultiToken.sol","s":{"1":5,"2":6},"b":{"1":[5,0],"2":[6,0]},"f":{"1":15,"2":5,"3":6},"fnMap":{"1":{"name":"constructor","line":10,"loc":{"start":{"line":10,"column":4},"end":{"line":11,"column":4}}},"2":{"name":"mintToken","line":13,"loc":{"start":{"line":13,"column":4},"end":{"line":15,"column":4}}},"3":{"name":"burnTokens","line":17,"loc":{"start":{"line":17,"column":4},"end":{"line":19,"column":4}}}},"statementMap":{"1":{"start":{"line":14,"column":8},"end":{"line":14,"column":31}},"2":{"start":{"line":18,"column":8},"end":{"line":18,"column":39}}},"branchMap":{"1":{"line":13,"type":"if","locations":[{"start":{"line":13,"column":60},"end":{"line":13,"column":60}},{"start":{"line":13,"column":60},"end":{"line":13,"column":60}}]},"2":{"line":17,"type":"if","locations":[{"start":{"line":17,"column":97},"end":{"line":17,"column":97}},{"start":{"line":17,"column":97},"end":{"line":17,"column":97}}]}}}}
