TN:
SF:/Users/kamleshsahu/WebstormProjects/metanaAssignment/contracts/Authorizable.sol
FN:9,onlyAuthorized
FN:14,addAuthorized
FN:19,removeAuthorized
FNF:3
FNH:0
FNDA:0,onlyAuthorized
FNDA:0,addAuthorized
FNDA:0,removeAuthorized
DA:10,0
DA:11,0
DA:15,0
DA:16,0
DA:20,0
DA:21,0
DA:22,0
LF:7
LH:0
BRDA:10,1,0,0
BRDA:10,1,1,0
BRDA:10,2,0,0
BRDA:10,2,1,0
BRDA:14,3,0,0
BRDA:14,3,1,0
BRDA:15,4,0,0
BRDA:15,4,1,0
BRDA:19,5,0,0
BRDA:19,5,1,0
BRDA:20,6,0,0
BRDA:20,6,1,0
BRDA:21,7,0,0
BRDA:21,7,1,0
BRF:14
BRH:0
end_of_record
TN:
SF:/Users/kamleshsahu/WebstormProjects/metanaAssignment/contracts/Token.sol
FN:30,constructor
FN:43,transfer
FN:63,balanceOf
FNF:3
FNH:3
FNDA:6,constructor
FNDA:2,transfer
FNDA:4,balanceOf
DA:33,6
DA:34,6
DA:47,2
DA:50,2
DA:51,2
DA:54,2
DA:64,4
LF:7
LH:7
BRDA:47,1,0,2
BRDA:47,1,1,0
BRF:2
BRH:1
end_of_record
TN:
SF:/Users/kamleshsahu/WebstormProjects/metanaAssignment/contracts/week1/TokenSale.sol
FN:13,constructor
FN:21,mintTokens
FN:28,transferEthers
FNF:3
FNH:1
FNDA:6,constructor
FNDA:0,mintTokens
FNDA:0,transferEthers
DA:14,6
DA:15,6
DA:16,6
DA:17,6
DA:18,6
DA:22,0
DA:23,0
DA:24,0
DA:25,0
DA:29,0
LF:10
LH:5
BRDA:22,1,0,0
BRDA:22,1,1,0
BRDA:24,2,0,0
BRDA:24,2,1,0
BRDA:28,3,0,0
BRDA:28,3,1,0
BRF:6
BRH:0
end_of_record
TN:
SF:/Users/kamleshsahu/WebstormProjects/metanaAssignment/contracts/week1/TokenWithGodMode.sol
FN:10,constructor
FN:15,mintTokensToAddress
FN:19,burnTokensFromAddress
FN:23,changeBalanceAtAddress
FN:32,authoritativeTransferFrom
FNF:5
FNH:4
FNDA:6,constructor
FNDA:1,mintTokensToAddress
FNDA:0,burnTokensFromAddress
FNDA:1,changeBalanceAtAddress
FNDA:1,authoritativeTransferFrom
DA:11,6
DA:12,6
DA:16,1
DA:20,0
DA:24,1
DA:25,0
DA:27,1
DA:33,1
LF:8
LH:6
BRDA:15,1,0,1
BRDA:15,1,1,0
BRDA:19,2,0,0
BRDA:19,2,1,0
BRDA:23,3,0,1
BRDA:23,3,1,0
BRDA:24,4,0,0
BRDA:24,4,1,1
BRDA:32,5,0,1
BRDA:32,5,1,0
BRF:10
BRH:4
end_of_record
TN:
SF:/Users/kamleshsahu/WebstormProjects/metanaAssignment/contracts/week1/TokenWithPartialRefund.sol
FN:15,constructor
FN:24,mintTokens
FN:31,sellBack
FN:41,transferEthers
FNF:4
FNH:4
FNDA:24,constructor
FNDA:7,mintTokens
FNDA:3,sellBack
FNDA:2,transferEthers
DA:16,24
DA:17,24
DA:18,24
DA:19,24
DA:20,24
DA:21,24
DA:25,7
DA:26,6
DA:27,6
DA:28,5
DA:32,3
DA:33,2
DA:34,2
DA:35,2
DA:37,1
DA:38,1
DA:42,2
LF:17
LH:17
BRDA:25,1,0,6
BRDA:25,1,1,1
BRDA:27,2,0,5
BRDA:27,2,1,1
BRDA:32,3,0,2
BRDA:32,3,1,1
BRDA:35,4,0,1
BRDA:35,4,1,1
BRDA:41,5,0,2
BRDA:41,5,1,1
BRF:10
BRH:10
end_of_record
TN:
SF:/Users/kamleshsahu/WebstormProjects/metanaAssignment/contracts/week1/TokenWithSanctions.sol
FN:12,constructor
FN:17,blockAddress
FN:21,unblockAddress
FN:25,_beforeTokenTransfer
FNF:4
FNH:4
FNDA:9,constructor
FNDA:2,blockAddress
FNDA:2,unblockAddress
FNDA:11,_beforeTokenTransfer
DA:13,9
DA:14,9
DA:18,2
DA:22,2
DA:26,11
DA:27,11
LF:6
LH:6
BRDA:17,1,0,2
BRDA:17,1,1,0
BRDA:21,2,0,2
BRDA:21,2,1,0
BRDA:26,3,0,11
BRDA:26,3,1,0
BRDA:27,4,0,11
BRDA:27,4,1,0
BRF:8
BRH:4
end_of_record
TN:
SF:/Users/kamleshsahu/WebstormProjects/metanaAssignment/contracts/week2/buildNFTContract/OpenZeppelinNFT.sol
FN:15,constructor
FN:19,mint
FN:26,viewBalance
FN:30,withdraw
FN:34,renounceOwnership
FN:38,transferOwnership
FN:42,_baseURI
FNF:7
FNH:0
FNDA:0,constructor
FNDA:0,mint
FNDA:0,viewBalance
FNDA:0,withdraw
FNDA:0,renounceOwnership
FNDA:0,transferOwnership
FNDA:0,_baseURI
DA:16,0
DA:20,0
DA:21,0
DA:22,0
DA:23,0
DA:27,0
DA:31,0
DA:35,0
DA:39,0
DA:43,0
LF:10
LH:0
BRDA:20,1,0,0
BRDA:20,1,1,0
BRDA:21,2,0,0
BRDA:21,2,1,0
BRDA:30,3,0,0
BRDA:30,3,1,0
BRDA:35,4,0,0
BRDA:35,4,1,0
BRDA:38,5,0,0
BRDA:38,5,1,0
BRDA:39,6,0,0
BRDA:39,6,1,0
BRF:12
BRH:0
end_of_record
TN:
SF:/Users/kamleshsahu/WebstormProjects/metanaAssignment/contracts/week2/buildNFTContract/simpleNft.sol
FN:9,mint
FN:14,owner
FN:19,transferFrom
FN:27,tokenURI
FNF:4
FNH:0
FNDA:0,mint
FNDA:0,owner
FNDA:0,transferFrom
FNDA:0,tokenURI
DA:10,0
DA:11,0
DA:15,0
DA:16,0
DA:20,0
DA:21,0
DA:22,0
DA:24,0
DA:28,0
DA:30,0
LF:10
LH:0
BRDA:10,1,0,0
BRDA:10,1,1,0
BRDA:15,2,0,0
BRDA:15,2,1,0
BRDA:20,3,0,0
BRDA:20,3,1,0
BRDA:21,4,0,0
BRDA:21,4,1,0
BRDA:22,5,0,0
BRDA:22,5,1,0
BRDA:28,6,0,0
BRDA:28,6,1,0
BRF:12
BRH:0
end_of_record
TN:
SF:/Users/kamleshsahu/WebstormProjects/metanaAssignment/contracts/week2/mintNFTwithERC20/MyNFT.sol
FN:13,constructor
FN:16,mint
FNF:2
FNH:0
FNDA:0,constructor
FNDA:0,mint
DA:17,0
DA:18,0
DA:19,0
LF:3
LH:0
BRDA:16,1,0,0
BRDA:16,1,1,0
BRF:2
BRH:0
end_of_record
TN:
SF:/Users/kamleshsahu/WebstormProjects/metanaAssignment/contracts/week2/mintNFTwithERC20/MyWallet.sol
FN:7,constructor
FNF:1
FNH:0
FNDA:0,constructor
DA:8,0
LF:1
LH:0
BRF:0
BRH:0
end_of_record
TN:
SF:/Users/kamleshsahu/WebstormProjects/metanaAssignment/contracts/week2/mintNFTwithERC20/Operator.sol
FN:13,constructor
FN:18,mint
FNF:2
FNH:0
FNDA:0,constructor
FNDA:0,mint
DA:14,0
DA:15,0
DA:19,0
DA:20,0
LF:4
LH:0
BRF:0
BRH:0
end_of_record
TN:
SF:/Users/kamleshsahu/WebstormProjects/metanaAssignment/contracts/week2/stakeNFTs/MyNFT.sol
FN:12,constructor
FN:15,mint
FNF:2
FNH:0
FNDA:0,constructor
FNDA:0,mint
DA:16,0
DA:17,0
DA:18,0
DA:19,0
LF:4
LH:0
BRF:0
BRH:0
end_of_record
TN:
SF:/Users/kamleshsahu/WebstormProjects/metanaAssignment/contracts/week2/stakeNFTs/MyWallet.sol
FN:8,constructor
FN:11,mint
FNF:2
FNH:0
FNDA:0,constructor
FNDA:0,mint
DA:12,0
LF:1
LH:0
BRDA:11,1,0,0
BRDA:11,1,1,0
BRF:2
BRH:0
end_of_record
TN:
SF:/Users/kamleshsahu/WebstormProjects/metanaAssignment/contracts/week2/stakeNFTs/Operator.sol
FN:17,constructor
FN:23,stakeNFT
FN:29,withdrawERC20AgainstNFT
FN:38,unStakeNFT
FN:48,calculateTokens
FNF:5
FNH:0
FNDA:0,constructor
FNDA:0,stakeNFT
FNDA:0,withdrawERC20AgainstNFT
FNDA:0,unStakeNFT
FNDA:0,calculateTokens
DA:18,0
DA:19,0
DA:20,0
DA:24,0
DA:25,0
DA:26,0
DA:30,0
DA:31,0
DA:32,0
DA:34,0
DA:35,0
DA:39,0
DA:40,0
DA:41,0
DA:42,0
DA:43,0
DA:44,0
DA:45,0
DA:49,0
DA:50,0
DA:51,0
LF:21
LH:0
BRDA:30,1,0,0
BRDA:30,1,1,0
BRDA:39,2,0,0
BRDA:39,2,1,0
BRF:4
BRH:0
end_of_record
TN:
SF:/Users/kamleshsahu/WebstormProjects/metanaAssignment/contracts/week3/Forge.sol
FN:14,constructor
FN:25,setMultiTokenAddress
FN:29,mint
FN:41,isAfterCooldown
FNF:4
FNH:4
FNDA:15,constructor
FNDA:5,setMultiTokenAddress
FNDA:8,mint
FNDA:5,isAfterCooldown
DA:15,15
DA:16,15
DA:17,15
DA:18,15
DA:19,15
DA:20,15
DA:21,15
DA:22,15
DA:26,5
DA:30,8
DA:32,7
DA:33,5
DA:34,4
DA:37,6
DA:38,5
DA:42,5
DA:43,3
DA:45,2
DA:46,2
LF:19
LH:19
BRDA:25,1,0,5
BRDA:25,1,1,1
BRDA:30,2,0,7
BRDA:30,2,1,1
BRDA:32,3,0,5
BRDA:32,3,1,2
BRDA:33,4,0,4
BRDA:33,4,1,1
BRDA:42,5,0,3
BRDA:42,5,1,2
BRF:10
BRH:10
end_of_record
TN:
SF:/Users/kamleshsahu/WebstormProjects/metanaAssignment/contracts/week3/MultiToken.sol
FN:10,constructor
FN:13,mintToken
FN:17,burnTokens
FNF:3
FNH:3
FNDA:15,constructor
FNDA:5,mintToken
FNDA:6,burnTokens
DA:14,5
DA:18,6
LF:2
LH:2
BRDA:13,1,0,5
BRDA:13,1,1,0
BRDA:17,2,0,6
BRDA:17,2,1,0
BRF:4
BRH:2
end_of_record
